Start testing: Jan 03 15:29 Novosibirsk Standard Time
----------------------------------------------------------
1/1 Testing: Hash_tstg
1/1 Test: Hash_tstg
Command: "C:/myCode/Hash/build/tst/Hash_tst.exe"
Directory: C:/myCode/Hash/build/tst
"Hash_tstg" start time: Jan 03 15:29 Novosibirsk Standard Time
Output:
----------------------------------------------------------
[==========] Running 9 tests from 2 test suites.
[----------] Global test environment set-up.
[----------] 1 test from HelloTest
[ RUN      ] HelloTest.BasicAssertions
[       OK ] HelloTest.BasicAssertions (0 ms)
[----------] 1 test from HelloTest (0 ms total)

[----------] 8 tests from HashTest
[ RUN      ] HashTest.createCount
[       OK ] HashTest.createCount (0 ms)
[ RUN      ] HashTest.addCount
[       OK ] HashTest.addCount (0 ms)
[ RUN      ] HashTest.add_rmCount
[       OK ] HashTest.add_rmCount (0 ms)
[ RUN      ] HashTest.containing
[       OK ] HashTest.containing (0 ms)
[ RUN      ] HashTest.capacity
[       OK ] HashTest.capacity (0 ms)
[ RUN      ] HashTest.replace
[       OK ] HashTest.replace (0 ms)
[ RUN      ] HashTest.for_each
[       OK ] HashTest.for_each (0 ms)
[ RUN      ] HashTest.rehash
[       OK ] HashTest.rehash (0 ms)
[----------] 8 tests from HashTest (0 ms total)

[----------] Global test environment tear-down
[==========] 9 tests from 2 test suites ran. (0 ms total)
[  PASSED  ] 9 tests.
<end of output>
Test time =   0.03 sec
----------------------------------------------------------
Test Passed.
"Hash_tstg" end time: Jan 03 15:29 Novosibirsk Standard Time
"Hash_tstg" time elapsed: 00:00:00
----------------------------------------------------------

End testing: Jan 03 15:29 Novosibirsk Standard Time
